# JRE version: OpenJDK Runtime Environment (19.0+36) (build 19+36-2238)
# Java VM: OpenJDK 64-Bit Server VM (19+36-2238, mixed mode, sharing, tiered, compressed oops, compressed class ptrs, g1 gc, windows-amd64)
GC Precious Log:
 CardTable entry size: 512
 Card Set container configuration: InlinePtr #cards 5 size 8 Array Of Cards #cards 12 size 40 Howl #buckets 4 coarsen threshold 1843 Howl Bitmap #cards 512 size 80 coarsen threshold 460 Card regions per heap region 1 cards per card region 2048
 CPUs: 8 total, 8 available
 Memory: 6045M
 Large Page Support: Disabled
 NUMA Support: Disabled
 Compressed Oops: Enabled (32-bit)
 Heap Region Size: 1M
 Heap Min Capacity: 8M
 Heap Initial Capacity: 96M
 Heap Max Capacity: 1512M
 Pre-touch: Disabled
 Parallel Workers: 8
 Concurrent Workers: 2
 Concurrent Refinement Workers: 8
 Periodic GC: Disabled
Heap:
 garbage-first heap   total 98304K, used 31365K [0x00000000a1800000, 0x0000000100000000)
  region size 1024K, 3 young (3072K), 3 survivors (3072K)
 Metaspace       used 69420K, committed 70080K, reserved 1114112K
  class space    used 9290K, committed 9600K, reserved 1048576K
GC Heap History (20 events):
Event: 3.621 GC heap after
{Heap after GC invocations=5 (full 0):
 garbage-first heap   total 48128K, used 15660K [0x00000000a1800000, 0x0000000100000000)
  region size 1024K, 3 young (3072K), 3 survivors (3072K)
 Metaspace       used 26195K, committed 26624K, reserved 1114112K
  class space    used 3183K, committed 3392K, reserved 1048576K
}
Event: 3.638 GC heap before
{Heap before GC invocations=5 (full 0):
 garbage-first heap   total 48128K, used 16684K [0x00000000a1800000, 0x0000000100000000)
  region size 1024K, 4 young (4096K), 3 survivors (3072K)
 Metaspace       used 26356K, committed 26816K, reserved 1114112K
  class space    used 3203K, committed 3392K, reserved 1048576K
}
Event: 3.645 GC heap after
{Heap after GC invocations=6 (full 0):
 garbage-first heap   total 48128K, used 15997K [0x00000000a1800000, 0x0000000100000000)
  region size 1024K, 1 young (1024K), 1 survivors (1024K)
 Metaspace       used 26356K, committed 26816K, reserved 1114112K
  class space    used 3203K, committed 3392K, reserved 1048576K
}
Event: 4.064 GC heap before
{Heap before GC invocations=6 (full 0):
 garbage-first heap   total 48128K, used 33405K [0x00000000a1800000, 0x0000000100000000)
  region size 1024K, 19 young (19456K), 1 survivors (1024K)
 Metaspace       used 31102K, committed 31616K, reserved 1114112K
  class space    used 3703K, committed 3968K, reserved 1048576K
}
Event: 4.069 GC heap after
{Heap after GC invocations=7 (full 0):
 garbage-first heap   total 93184K, used 17408K [0x00000000a1800000, 0x0000000100000000)
  region size 1024K, 2 young (2048K), 2 survivors (2048K)
 Metaspace       used 31102K, committed 31616K, reserved 1114112K
  class space    used 3703K, committed 3968K, reserved 1048576K
}
Event: 4.511 GC heap before
{Heap before GC invocations=7 (full 0):
 garbage-first heap   total 93184K, used 33792K [0x00000000a1800000, 0x0000000100000000)
  region size 1024K, 20 young (20480K), 2 survivors (2048K)
 Metaspace       used 35458K, committed 35968K, reserved 1114112K
  class space    used 4272K, committed 4544K, reserved 1048576K
}
Event: 4.515 GC heap after
{Heap after GC invocations=8 (full 0):
 garbage-first heap   total 93184K, used 18299K [0x00000000a1800000, 0x0000000100000000)
  region size 1024K, 3 young (3072K), 3 survivors (3072K)
 Metaspace       used 35458K, committed 35968K, reserved 1114112K
  class space    used 4272K, committed 4544K, reserved 1048576K
}
Event: 5.667 GC heap before
{Heap before GC invocations=9 (full 0):
 garbage-first heap   total 71680K, used 60283K [0x00000000a1800000, 0x0000000100000000)
  region size 1024K, 42 young (43008K), 3 survivors (3072K)
 Metaspace       used 47982K, committed 48512K, reserved 1114112K
  class space    used 6092K, committed 6336K, reserved 1048576K
}
Event: 5.673 GC heap after
{Heap after GC invocations=10 (full 0):
 garbage-first heap   total 71680K, used 22723K [0x00000000a1800000, 0x0000000100000000)
  region size 1024K, 6 young (6144K), 6 survivors (6144K)
 Metaspace       used 47982K, committed 48512K, reserved 1114112K
  class space    used 6092K, committed 6336K, reserved 1048576K
}
Event: 5.699 GC heap before
{Heap before GC invocations=10 (full 0):
 garbage-first heap   total 71680K, used 23747K [0x00000000a1800000, 0x0000000100000000)
  region size 1024K, 7 young (7168K), 6 survivors (6144K)
 Metaspace       used 48341K, committed 48896K, reserved 1114112K
  class space    used 6139K, committed 6400K, reserved 1048576K
}
Event: 5.704 GC heap after
{Heap after GC invocations=11 (full 0):
 garbage-first heap   total 71680K, used 23105K [0x00000000a1800000, 0x0000000100000000)
  region size 1024K, 1 young (1024K), 1 survivors (1024K)
 Metaspace       used 48341K, committed 48896K, reserved 1114112K
  class space    used 6139K, committed 6400K, reserved 1048576K
}
Event: 6.380 GC heap before
{Heap before GC invocations=11 (full 0):
 garbage-first heap   total 71680K, used 53825K [0x00000000a1800000, 0x0000000100000000)
  region size 1024K, 32 young (32768K), 1 survivors (1024K)
 Metaspace       used 55454K, committed 56064K, reserved 1114112K
  class space    used 7222K, committed 7488K, reserved 1048576K
}
Event: 6.382 GC heap after
{Heap after GC invocations=12 (full 0):
 garbage-first heap   total 71680K, used 24216K [0x00000000a1800000, 0x0000000100000000)
  region size 1024K, 2 young (2048K), 2 survivors (2048K)
 Metaspace       used 55454K, committed 56064K, reserved 1114112K
  class space    used 7222K, committed 7488K, reserved 1048576K
}
Event: 6.860 GC heap before
{Heap before GC invocations=12 (full 0):
 garbage-first heap   total 71680K, used 43672K [0x00000000a1800000, 0x0000000100000000)
  region size 1024K, 22 young (22528K), 2 survivors (2048K)
 Metaspace       used 59666K, committed 60288K, reserved 1114112K
  class space    used 7840K, committed 8128K, reserved 1048576K
}
Event: 6.865 GC heap after
{Heap after GC invocations=13 (full 0):
 garbage-first heap   total 71680K, used 26333K [0x00000000a1800000, 0x0000000100000000)
  region size 1024K, 4 young (4096K), 4 survivors (4096K)
 Metaspace       used 59666K, committed 60288K, reserved 1114112K
  class space    used 7840K, committed 8128K, reserved 1048576K
}
Event: 7.412 GC heap before
{Heap before GC invocations=14 (full 0):
 garbage-first heap   total 71680K, used 56029K [0x00000000a1800000, 0x0000000100000000)
  region size 1024K, 33 young (33792K), 4 survivors (4096K)
 Metaspace       used 63770K, committed 64512K, reserved 1114112K
  class space    used 8556K, committed 8896K, reserved 1048576K
}
Event: 7.418 GC heap after
{Heap after GC invocations=15 (full 0):
 garbage-first heap   total 71680K, used 28659K [0x00000000a1800000, 0x0000000100000000)
  region size 1024K, 5 young (5120K), 5 survivors (5120K)
 Metaspace       used 63770K, committed 64512K, reserved 1114112K
  class space    used 8556K, committed 8896K, reserved 1048576K
}
Event: 7.439 GC heap before
{Heap before GC invocations=15 (full 0):
 garbage-first heap   total 71680K, used 29683K [0x00000000a1800000, 0x0000000100000000)
  region size 1024K, 6 young (6144K), 5 survivors (5120K)
 Metaspace       used 63877K, committed 64576K, reserved 1114112K
  class space    used 8570K, committed 8896K, reserved 1048576K
}
Event: 7.445 GC heap after
{Heap after GC invocations=16 (full 0):
 garbage-first heap   total 71680K, used 29177K [0x00000000a1800000, 0x0000000100000000)
  region size 1024K, 1 young (1024K), 1 survivors (1024K)
 Metaspace       used 63877K, committed 64576K, reserved 1114112K
  class space    used 8570K, committed 8896K, reserved 1048576K
}
Event: 16.161 GC heap before
{Heap before GC invocations=16 (full 0):
 garbage-first heap   total 71680K, used 55801K [0x00000000a1800000, 0x0000000100000000)
  region size 1024K, 28 young (28672K), 1 survivors (1024K)
 Metaspace       used 69420K, committed 70080K, reserved 1114112K
  class space    used 9290K, committed 9600K, reserved 1048576K
}

